c:\users\gangs\desktop\school works\homework\freshman year\game programming\gavinb-2024-spring\module_10_255_components\componentsbombgame\componentsbombgame\x64\debug\vc143.pdb
c:\users\gangs\desktop\school works\homework\freshman year\game programming\gavinb-2024-spring\module_10_255_components\componentsbombgame\componentsbombgame\x64\debug\vc143.idb
c:\users\gangs\desktop\school works\homework\freshman year\game programming\gavinb-2024-spring\module_10_255_components\componentsbombgame\componentsbombgame\x64\debug\main.obj
c:\users\gangs\desktop\school works\homework\freshman year\game programming\gavinb-2024-spring\module_10_255_components\componentsbombgame\componentsbombgame\x64\debug\world.obj
c:\users\gangs\desktop\school works\homework\freshman year\game programming\gavinb-2024-spring\module_10_255_components\componentsbombgame\componentsbombgame\x64\debug\tilecomponents.obj
c:\users\gangs\desktop\school works\homework\freshman year\game programming\gavinb-2024-spring\module_10_255_components\componentsbombgame\componentsbombgame\x64\debug\playercomponents.obj
c:\users\gangs\desktop\school works\homework\freshman year\game programming\gavinb-2024-spring\module_10_255_components\componentsbombgame\componentsbombgame\x64\debug\healthtracker.obj
c:\users\gangs\desktop\school works\homework\freshman year\game programming\gavinb-2024-spring\module_10_255_components\componentsbombgame\componentsbombgame\x64\debug\enemycomponents.obj
c:\users\gangs\desktop\school works\homework\freshman year\game programming\gavinb-2024-spring\module_10_255_components\componentsbombgame\componentsbombgame\x64\debug\componentregistrar.obj
c:\users\gangs\desktop\school works\homework\freshman year\game programming\gavinb-2024-spring\module_10_255_components\componentsbombgame\componentsbombgame\x64\debug\actorfactory.obj
c:\users\gangs\desktop\school works\homework\freshman year\game programming\gavinb-2024-spring\module_10_255_components\componentsbombgame\componentsbombgame\x64\debug\basic2dcollider.obj
c:\users\gangs\desktop\school works\homework\freshman year\game programming\gavinb-2024-spring\module_10_255_components\componentsbombgame\componentsbombgame\x64\debug\actor.obj
c:\users\gangs\desktop\school works\homework\freshman year\game programming\gavinb-2024-spring\module_10_255_components\componentsbombgame\componentsbombgame\x64\debug\prompting.obj
c:\users\gangs\desktop\school works\homework\freshman year\game programming\gavinb-2024-spring\module_10_255_components\componentsbombgame\componentsbombgame\x64\debug\component.obj
c:\users\gangs\desktop\school works\homework\freshman year\game programming\gavinb-2024-spring\module_10_255_components\componentsbombgame\componentsbombgame\x64\debug\consolemanip.obj
c:\users\gangs\desktop\school works\homework\freshman year\game programming\gavinb-2024-spring\module_10_255_components\componentsbombgame\componentsbombgame\x64\debug\basicrenderer.obj
c:\users\gangs\desktop\school works\homework\freshman year\game programming\gavinb-2024-spring\module_10_255_components\componentsbombgame\componentsbombgame\x64\debug\actor.h.ifc
c:\users\gangs\desktop\school works\homework\freshman year\game programming\gavinb-2024-spring\module_10_255_components\componentsbombgame\componentsbombgame\x64\debug\actor.h.ifc.d.json
c:\users\gangs\desktop\school works\homework\freshman year\game programming\gavinb-2024-spring\module_10_255_components\componentsbombgame\componentsbombgame\x64\debug\actor.h.obj
c:\users\gangs\desktop\school works\homework\freshman year\game programming\gavinb-2024-spring\module_10_255_components\componentsbombgame\x64\debug\componentsbombgame.exe
c:\users\gangs\desktop\school works\homework\freshman year\game programming\gavinb-2024-spring\module_10_255_components\componentsbombgame\componentsbombgame\x64\debug\componentsbombgame.ilk
c:\users\gangs\desktop\school works\homework\freshman year\game programming\gavinb-2024-spring\module_10_255_components\componentsbombgame\x64\debug\componentsbombgame.pdb
c:\users\gangs\desktop\school works\homework\freshman year\game programming\gavinb-2024-spring\module_10_255_components\componentsbombgame\componentsbombgame\x64\debug\actor.h.module.json
c:\users\gangs\desktop\school works\homework\freshman year\game programming\gavinb-2024-spring\module_10_255_components\componentsbombgame\componentsbombgame\x64\debug\componen.f9af250f.tlog\cl.command.1.tlog
c:\users\gangs\desktop\school works\homework\freshman year\game programming\gavinb-2024-spring\module_10_255_components\componentsbombgame\componentsbombgame\x64\debug\componen.f9af250f.tlog\cl.items.tlog
c:\users\gangs\desktop\school works\homework\freshman year\game programming\gavinb-2024-spring\module_10_255_components\componentsbombgame\componentsbombgame\x64\debug\componen.f9af250f.tlog\cl.read.1.tlog
c:\users\gangs\desktop\school works\homework\freshman year\game programming\gavinb-2024-spring\module_10_255_components\componentsbombgame\componentsbombgame\x64\debug\componen.f9af250f.tlog\cl.write.1.tlog
c:\users\gangs\desktop\school works\homework\freshman year\game programming\gavinb-2024-spring\module_10_255_components\componentsbombgame\componentsbombgame\x64\debug\componen.f9af250f.tlog\link.command.1.tlog
c:\users\gangs\desktop\school works\homework\freshman year\game programming\gavinb-2024-spring\module_10_255_components\componentsbombgame\componentsbombgame\x64\debug\componen.f9af250f.tlog\link.read.1.tlog
c:\users\gangs\desktop\school works\homework\freshman year\game programming\gavinb-2024-spring\module_10_255_components\componentsbombgame\componentsbombgame\x64\debug\componen.f9af250f.tlog\link.write.1.tlog
c:\users\gangs\desktop\school works\homework\freshman year\game programming\gavinb-2024-spring\module_10_255_components\componentsbombgame\componentsbombgame\x64\debug\componen.f9af250f_md.tlog\cl.command.1.tlog
c:\users\gangs\desktop\school works\homework\freshman year\game programming\gavinb-2024-spring\module_10_255_components\componentsbombgame\componentsbombgame\x64\debug\componen.f9af250f_md.tlog\microsoft.build.cpptasks.cl.read.1.tlog
c:\users\gangs\desktop\school works\homework\freshman year\game programming\gavinb-2024-spring\module_10_255_components\componentsbombgame\componentsbombgame\x64\debug\componen.f9af250f_md.tlog\microsoft.build.cpptasks.cl.write.1.tlog
