  Scanning sources for module dependencies...
  Actor.h
  Compiling...
  Actor.h
  Actor.cpp
  Basic2dCollider.cpp
  BasicRenderer.cpp
  Component.cpp
  ActorFactory.cpp
  ComponentRegistrar.cpp
  EnemyComponents.cpp
  HealthTracker.cpp
  PlayerComponents.cpp
  TileComponents.cpp
  World.cpp
  Main.cpp
  ConsoleManip.cpp
  Prompting.cpp
  Generating Code...
  ComponentsBombGame.vcxproj -> C:\Users\gavin\Documents\GitHub\GavinB-2024-Spring\Module_10_255_Components\ComponentsBombGame\x64\Debug\ComponentsBombGame.exe
