d:\repos\gavinb-2024-spring\module_6_225_fileio\mazegame_witheditor\mazegame_witheditor\x64\debug\vc143.pdb
d:\repos\gavinb-2024-spring\module_6_225_fileio\mazegame_witheditor\mazegame_witheditor\x64\debug\vc143.idb
d:\repos\gavinb-2024-spring\module_6_225_fileio\mazegame_witheditor\mazegame_witheditor\x64\debug\prompting.obj
d:\repos\gavinb-2024-spring\module_6_225_fileio\mazegame_witheditor\mazegame_witheditor\x64\debug\mazegamemenusystem.obj
d:\repos\gavinb-2024-spring\module_6_225_fileio\mazegame_witheditor\mazegame_witheditor\x64\debug\mapfileloader.obj
d:\repos\gavinb-2024-spring\module_6_225_fileio\mazegame_witheditor\mazegame_witheditor\x64\debug\main.obj
d:\repos\gavinb-2024-spring\module_6_225_fileio\mazegame_witheditor\mazegame_witheditor\x64\debug\player.obj
d:\repos\gavinb-2024-spring\module_6_225_fileio\mazegame_witheditor\mazegame_witheditor\x64\debug\mazegame.obj
d:\repos\gavinb-2024-spring\module_6_225_fileio\mazegame_witheditor\mazegame_witheditor\x64\debug\maptiles.obj
d:\repos\gavinb-2024-spring\module_6_225_fileio\mazegame_witheditor\mazegame_witheditor\x64\debug\map.obj
d:\repos\gavinb-2024-spring\module_6_225_fileio\mazegame_witheditor\mazegame_witheditor\x64\debug\gameobjectsregistrar.obj
d:\repos\gavinb-2024-spring\module_6_225_fileio\mazegame_witheditor\mazegame_witheditor\x64\debug\gameobject.obj
d:\repos\gavinb-2024-spring\module_6_225_fileio\mazegame_witheditor\mazegame_witheditor\x64\debug\entity.obj
d:\repos\gavinb-2024-spring\module_6_225_fileio\mazegame_witheditor\mazegame_witheditor\x64\debug\enemies.obj
d:\repos\gavinb-2024-spring\module_6_225_fileio\mazegame_witheditor\mazegame_witheditor\x64\debug\leveleditor.obj
d:\repos\gavinb-2024-spring\module_6_225_fileio\mazegame_witheditor\x64\debug\mazegame_witheditor.exe
d:\repos\gavinb-2024-spring\module_6_225_fileio\mazegame_witheditor\mazegame_witheditor\x64\debug\mazegame_witheditor.ilk
d:\repos\gavinb-2024-spring\module_6_225_fileio\mazegame_witheditor\x64\debug\mazegame_witheditor.pdb
d:\repos\gavinb-2024-spring\module_6_225_fileio\mazegame_witheditor\mazegame_witheditor\x64\debug\mazegame.34977725.tlog\cl.command.1.tlog
d:\repos\gavinb-2024-spring\module_6_225_fileio\mazegame_witheditor\mazegame_witheditor\x64\debug\mazegame.34977725.tlog\cl.items.tlog
d:\repos\gavinb-2024-spring\module_6_225_fileio\mazegame_witheditor\mazegame_witheditor\x64\debug\mazegame.34977725.tlog\cl.read.1.tlog
d:\repos\gavinb-2024-spring\module_6_225_fileio\mazegame_witheditor\mazegame_witheditor\x64\debug\mazegame.34977725.tlog\cl.write.1.tlog
d:\repos\gavinb-2024-spring\module_6_225_fileio\mazegame_witheditor\mazegame_witheditor\x64\debug\mazegame.34977725.tlog\link.command.1.tlog
d:\repos\gavinb-2024-spring\module_6_225_fileio\mazegame_witheditor\mazegame_witheditor\x64\debug\mazegame.34977725.tlog\link.read.1.tlog
d:\repos\gavinb-2024-spring\module_6_225_fileio\mazegame_witheditor\mazegame_witheditor\x64\debug\mazegame.34977725.tlog\link.write.1.tlog
