c:\users\gangs\desktop\school works\homework\freshman year\game programming\gavinb-2024-spring\module_9_255_bomb\gap255_behaviorpatterns\behaviorpatterns\debug\vc143.pdb
c:\users\gangs\desktop\school works\homework\freshman year\game programming\gavinb-2024-spring\module_9_255_bomb\gap255_behaviorpatterns\behaviorpatterns\debug\vc143.idb
c:\users\gangs\desktop\school works\homework\freshman year\game programming\gavinb-2024-spring\module_9_255_bomb\gap255_behaviorpatterns\behaviorpatterns\debug\world.obj
c:\users\gangs\desktop\school works\homework\freshman year\game programming\gavinb-2024-spring\module_9_255_bomb\gap255_behaviorpatterns\behaviorpatterns\debug\tile.obj
c:\users\gangs\desktop\school works\homework\freshman year\game programming\gavinb-2024-spring\module_9_255_bomb\gap255_behaviorpatterns\behaviorpatterns\debug\player.obj
c:\users\gangs\desktop\school works\homework\freshman year\game programming\gavinb-2024-spring\module_9_255_bomb\gap255_behaviorpatterns\behaviorpatterns\debug\main.obj
c:\users\gangs\desktop\school works\homework\freshman year\game programming\gavinb-2024-spring\module_9_255_bomb\gap255_behaviorpatterns\behaviorpatterns\debug\entity.obj
c:\users\gangs\desktop\school works\homework\freshman year\game programming\gavinb-2024-spring\module_9_255_bomb\gap255_behaviorpatterns\behaviorpatterns\debug\enemy.obj
c:\users\gangs\desktop\school works\homework\freshman year\game programming\gavinb-2024-spring\module_9_255_bomb\gap255_behaviorpatterns\behaviorpatterns\debug\console.obj
c:\users\gangs\desktop\school works\homework\freshman year\game programming\gavinb-2024-spring\module_9_255_bomb\gap255_behaviorpatterns\behaviorpatterns\debug\behaviorstrategies.obj
c:\users\gangs\desktop\school works\homework\freshman year\game programming\gavinb-2024-spring\module_9_255_bomb\gap255_behaviorpatterns\behaviorpatterns\debug\console.h.ifc
c:\users\gangs\desktop\school works\homework\freshman year\game programming\gavinb-2024-spring\module_9_255_bomb\gap255_behaviorpatterns\behaviorpatterns\debug\console.h.ifc.d.json
c:\users\gangs\desktop\school works\homework\freshman year\game programming\gavinb-2024-spring\module_9_255_bomb\gap255_behaviorpatterns\behaviorpatterns\debug\console.h.obj
c:\users\gangs\desktop\school works\homework\freshman year\game programming\gavinb-2024-spring\module_9_255_bomb\gap255_behaviorpatterns\debug\behaviorpatterns.exe
c:\users\gangs\desktop\school works\homework\freshman year\game programming\gavinb-2024-spring\module_9_255_bomb\gap255_behaviorpatterns\behaviorpatterns\debug\behaviorpatterns.ilk
c:\users\gangs\desktop\school works\homework\freshman year\game programming\gavinb-2024-spring\module_9_255_bomb\gap255_behaviorpatterns\debug\behaviorpatterns.pdb
c:\users\gangs\desktop\school works\homework\freshman year\game programming\gavinb-2024-spring\module_9_255_bomb\gap255_behaviorpatterns\behaviorpatterns\debug\console.h.module.json
c:\users\gangs\desktop\school works\homework\freshman year\game programming\gavinb-2024-spring\module_9_255_bomb\gap255_behaviorpatterns\behaviorpatterns\debug\enemy.obj.enc
c:\users\gangs\desktop\school works\homework\freshman year\game programming\gavinb-2024-spring\module_9_255_bomb\gap255_behaviorpatterns\behaviorpatterns\debug\behaviorpatterns.tlog\cl.command.1.tlog
c:\users\gangs\desktop\school works\homework\freshman year\game programming\gavinb-2024-spring\module_9_255_bomb\gap255_behaviorpatterns\behaviorpatterns\debug\behaviorpatterns.tlog\cl.items.tlog
c:\users\gangs\desktop\school works\homework\freshman year\game programming\gavinb-2024-spring\module_9_255_bomb\gap255_behaviorpatterns\behaviorpatterns\debug\behaviorpatterns.tlog\cl.read.1.tlog
c:\users\gangs\desktop\school works\homework\freshman year\game programming\gavinb-2024-spring\module_9_255_bomb\gap255_behaviorpatterns\behaviorpatterns\debug\behaviorpatterns.tlog\cl.write.1.tlog
c:\users\gangs\desktop\school works\homework\freshman year\game programming\gavinb-2024-spring\module_9_255_bomb\gap255_behaviorpatterns\behaviorpatterns\debug\behaviorpatterns.tlog\link.command.1.tlog
c:\users\gangs\desktop\school works\homework\freshman year\game programming\gavinb-2024-spring\module_9_255_bomb\gap255_behaviorpatterns\behaviorpatterns\debug\behaviorpatterns.tlog\link.read.1.tlog
c:\users\gangs\desktop\school works\homework\freshman year\game programming\gavinb-2024-spring\module_9_255_bomb\gap255_behaviorpatterns\behaviorpatterns\debug\behaviorpatterns.tlog\link.write.1.tlog
c:\users\gangs\desktop\school works\homework\freshman year\game programming\gavinb-2024-spring\module_9_255_bomb\gap255_behaviorpatterns\behaviorpatterns\debug\behaviorpatterns_md.tlog\cl.command.1.tlog
c:\users\gangs\desktop\school works\homework\freshman year\game programming\gavinb-2024-spring\module_9_255_bomb\gap255_behaviorpatterns\behaviorpatterns\debug\behaviorpatterns_md.tlog\microsoft.build.cpptasks.cl.read.1.tlog
c:\users\gangs\desktop\school works\homework\freshman year\game programming\gavinb-2024-spring\module_9_255_bomb\gap255_behaviorpatterns\behaviorpatterns\debug\behaviorpatterns_md.tlog\microsoft.build.cpptasks.cl.write.1.tlog
