c:\users\gangs\desktop\school works\homework\freshman year\game programming\gavinb-2024-spring\mod_4_maze_game_inheritence\mazegame_withdebug\x64\debug\vc143.pdb
c:\users\gangs\desktop\school works\homework\freshman year\game programming\gavinb-2024-spring\mod_4_maze_game_inheritence\mazegame_withdebug\x64\debug\vc143.idb
c:\users\gangs\desktop\school works\homework\freshman year\game programming\gavinb-2024-spring\mod_4_maze_game_inheritence\mazegame_withdebug\x64\debug\player.obj
c:\users\gangs\desktop\school works\homework\freshman year\game programming\gavinb-2024-spring\mod_4_maze_game_inheritence\mazegame_withdebug\x64\debug\mazegame.obj
c:\users\gangs\desktop\school works\homework\freshman year\game programming\gavinb-2024-spring\mod_4_maze_game_inheritence\mazegame_withdebug\x64\debug\maptiles.obj
c:\users\gangs\desktop\school works\homework\freshman year\game programming\gavinb-2024-spring\mod_4_maze_game_inheritence\mazegame_withdebug\x64\debug\map.obj
c:\users\gangs\desktop\school works\homework\freshman year\game programming\gavinb-2024-spring\mod_4_maze_game_inheritence\mazegame_withdebug\x64\debug\main.obj
c:\users\gangs\desktop\school works\homework\freshman year\game programming\gavinb-2024-spring\mod_4_maze_game_inheritence\mazegame_withdebug\x64\debug\enemies.obj
c:\users\gangs\desktop\school works\homework\freshman year\game programming\gavinb-2024-spring\mod_4_maze_game_inheritence\mazegame_withdebug\x64\debug\debugging.obj
c:\users\gangs\desktop\school works\homework\freshman year\game programming\gavinb-2024-spring\mod_4_maze_game_inheritence\mazegame_withdebug\x64\debug\gameobject.obj
c:\users\gangs\desktop\school works\homework\freshman year\game programming\gavinb-2024-spring\mod_4_maze_game_inheritence\mazegame_withdebug\x64\debug\mazegame_withdebug.exe
c:\users\gangs\desktop\school works\homework\freshman year\game programming\gavinb-2024-spring\mod_4_maze_game_inheritence\mazegame_withdebug\x64\debug\mazegame_withdebug.ilk
c:\users\gangs\desktop\school works\homework\freshman year\game programming\gavinb-2024-spring\mod_4_maze_game_inheritence\mazegame_withdebug\x64\debug\mazegame_withdebug.pdb
c:\users\gangs\desktop\school works\homework\freshman year\game programming\gavinb-2024-spring\mod_4_maze_game_inheritence\mazegame_withdebug\x64\debug\mazegame.81ff6453.tlog\cl.command.1.tlog
c:\users\gangs\desktop\school works\homework\freshman year\game programming\gavinb-2024-spring\mod_4_maze_game_inheritence\mazegame_withdebug\x64\debug\mazegame.81ff6453.tlog\cl.items.tlog
c:\users\gangs\desktop\school works\homework\freshman year\game programming\gavinb-2024-spring\mod_4_maze_game_inheritence\mazegame_withdebug\x64\debug\mazegame.81ff6453.tlog\cl.read.1.tlog
c:\users\gangs\desktop\school works\homework\freshman year\game programming\gavinb-2024-spring\mod_4_maze_game_inheritence\mazegame_withdebug\x64\debug\mazegame.81ff6453.tlog\cl.write.1.tlog
c:\users\gangs\desktop\school works\homework\freshman year\game programming\gavinb-2024-spring\mod_4_maze_game_inheritence\mazegame_withdebug\x64\debug\mazegame.81ff6453.tlog\link.command.1.tlog
c:\users\gangs\desktop\school works\homework\freshman year\game programming\gavinb-2024-spring\mod_4_maze_game_inheritence\mazegame_withdebug\x64\debug\mazegame.81ff6453.tlog\link.read.1.tlog
c:\users\gangs\desktop\school works\homework\freshman year\game programming\gavinb-2024-spring\mod_4_maze_game_inheritence\mazegame_withdebug\x64\debug\mazegame.81ff6453.tlog\link.write.1.tlog
