  Main.cpp
C:\Users\gangs\Desktop\School Works\Homework\Freshman Year\Game Programming\GavinB-2024-Spring\MOD_4_Maze_Game_Inheritence\MazeGame_WithDebug\GameObject.h(25,5): error C2143: syntax error: missing ';' before '*'
  (compiling source file 'Main.cpp')
  
C:\Users\gangs\Desktop\School Works\Homework\Freshman Year\Game Programming\GavinB-2024-Spring\MOD_4_Maze_Game_Inheritence\MazeGame_WithDebug\GameObject.h(25,5): error C4430: missing type specifier - int assumed. Note: C++ does not support default-int
  (compiling source file 'Main.cpp')
  
C:\Users\gangs\Desktop\School Works\Homework\Freshman Year\Game Programming\GavinB-2024-Spring\MOD_4_Maze_Game_Inheritence\MazeGame_WithDebug\GameObject.h(25,30): error C2238: unexpected token(s) preceding ';'
  (compiling source file 'Main.cpp')
  
C:\Users\gangs\Desktop\School Works\Homework\Freshman Year\Game Programming\GavinB-2024-Spring\MOD_4_Maze_Game_Inheritence\MazeGame_WithDebug\GameObject.h(38,5): error C2143: syntax error: missing ';' before '*'
  (compiling source file 'Main.cpp')
  
C:\Users\gangs\Desktop\School Works\Homework\Freshman Year\Game Programming\GavinB-2024-Spring\MOD_4_Maze_Game_Inheritence\MazeGame_WithDebug\GameObject.h(38,5): error C4430: missing type specifier - int assumed. Note: C++ does not support default-int
  (compiling source file 'Main.cpp')
  
C:\Users\gangs\Desktop\School Works\Homework\Freshman Year\Game Programming\GavinB-2024-Spring\MOD_4_Maze_Game_Inheritence\MazeGame_WithDebug\GameObject.h(38,22): error C2238: unexpected token(s) preceding ';'
  (compiling source file 'Main.cpp')
  
C:\Users\gangs\Desktop\School Works\Homework\Freshman Year\Game Programming\GavinB-2024-Spring\MOD_4_Maze_Game_Inheritence\MazeGame_WithDebug\GameObject.h(39,36): error C2061: syntax error: identifier 'Map'
  (compiling source file 'Main.cpp')
  
C:\Users\gangs\Desktop\School Works\Homework\Freshman Year\Game Programming\GavinB-2024-Spring\MOD_4_Maze_Game_Inheritence\MazeGame_WithDebug\Player.h(20,15): error C3668: 'Player::SetCurrentMapPointer': method with override specifier 'override' did not override any base class methods
  (compiling source file 'Main.cpp')
  
  Map.cpp
C:\Users\gangs\Desktop\School Works\Homework\Freshman Year\Game Programming\GavinB-2024-Spring\MOD_4_Maze_Game_Inheritence\MazeGame_WithDebug\GameObject.h(25,5): error C2143: syntax error: missing ';' before '*'
  (compiling source file 'Map.cpp')
  
C:\Users\gangs\Desktop\School Works\Homework\Freshman Year\Game Programming\GavinB-2024-Spring\MOD_4_Maze_Game_Inheritence\MazeGame_WithDebug\GameObject.h(25,5): error C4430: missing type specifier - int assumed. Note: C++ does not support default-int
  (compiling source file 'Map.cpp')
  
C:\Users\gangs\Desktop\School Works\Homework\Freshman Year\Game Programming\GavinB-2024-Spring\MOD_4_Maze_Game_Inheritence\MazeGame_WithDebug\GameObject.h(25,30): error C2238: unexpected token(s) preceding ';'
  (compiling source file 'Map.cpp')
  
C:\Users\gangs\Desktop\School Works\Homework\Freshman Year\Game Programming\GavinB-2024-Spring\MOD_4_Maze_Game_Inheritence\MazeGame_WithDebug\GameObject.h(38,5): error C2143: syntax error: missing ';' before '*'
  (compiling source file 'Map.cpp')
  
C:\Users\gangs\Desktop\School Works\Homework\Freshman Year\Game Programming\GavinB-2024-Spring\MOD_4_Maze_Game_Inheritence\MazeGame_WithDebug\GameObject.h(38,5): error C4430: missing type specifier - int assumed. Note: C++ does not support default-int
  (compiling source file 'Map.cpp')
  
C:\Users\gangs\Desktop\School Works\Homework\Freshman Year\Game Programming\GavinB-2024-Spring\MOD_4_Maze_Game_Inheritence\MazeGame_WithDebug\GameObject.h(38,22): error C2238: unexpected token(s) preceding ';'
  (compiling source file 'Map.cpp')
  
C:\Users\gangs\Desktop\School Works\Homework\Freshman Year\Game Programming\GavinB-2024-Spring\MOD_4_Maze_Game_Inheritence\MazeGame_WithDebug\GameObject.h(39,36): error C2061: syntax error: identifier 'Map'
  (compiling source file 'Map.cpp')
  
  MazeGame.cpp
C:\Users\gangs\Desktop\School Works\Homework\Freshman Year\Game Programming\GavinB-2024-Spring\MOD_4_Maze_Game_Inheritence\MazeGame_WithDebug\GameObject.h(25,5): error C2143: syntax error: missing ';' before '*'
  (compiling source file 'MazeGame.cpp')
  
C:\Users\gangs\Desktop\School Works\Homework\Freshman Year\Game Programming\GavinB-2024-Spring\MOD_4_Maze_Game_Inheritence\MazeGame_WithDebug\GameObject.h(25,5): error C4430: missing type specifier - int assumed. Note: C++ does not support default-int
  (compiling source file 'MazeGame.cpp')
  
C:\Users\gangs\Desktop\School Works\Homework\Freshman Year\Game Programming\GavinB-2024-Spring\MOD_4_Maze_Game_Inheritence\MazeGame_WithDebug\GameObject.h(25,30): error C2238: unexpected token(s) preceding ';'
  (compiling source file 'MazeGame.cpp')
  
C:\Users\gangs\Desktop\School Works\Homework\Freshman Year\Game Programming\GavinB-2024-Spring\MOD_4_Maze_Game_Inheritence\MazeGame_WithDebug\GameObject.h(38,5): error C2143: syntax error: missing ';' before '*'
  (compiling source file 'MazeGame.cpp')
  
C:\Users\gangs\Desktop\School Works\Homework\Freshman Year\Game Programming\GavinB-2024-Spring\MOD_4_Maze_Game_Inheritence\MazeGame_WithDebug\GameObject.h(38,5): error C4430: missing type specifier - int assumed. Note: C++ does not support default-int
  (compiling source file 'MazeGame.cpp')
  
C:\Users\gangs\Desktop\School Works\Homework\Freshman Year\Game Programming\GavinB-2024-Spring\MOD_4_Maze_Game_Inheritence\MazeGame_WithDebug\GameObject.h(38,22): error C2238: unexpected token(s) preceding ';'
  (compiling source file 'MazeGame.cpp')
  
C:\Users\gangs\Desktop\School Works\Homework\Freshman Year\Game Programming\GavinB-2024-Spring\MOD_4_Maze_Game_Inheritence\MazeGame_WithDebug\GameObject.h(39,36): error C2061: syntax error: identifier 'Map'
  (compiling source file 'MazeGame.cpp')
  
C:\Users\gangs\Desktop\School Works\Homework\Freshman Year\Game Programming\GavinB-2024-Spring\MOD_4_Maze_Game_Inheritence\MazeGame_WithDebug\Player.h(20,15): error C3668: 'Player::SetCurrentMapPointer': method with override specifier 'override' did not override any base class methods
  (compiling source file 'MazeGame.cpp')
  
  Player.cpp
C:\Users\gangs\Desktop\School Works\Homework\Freshman Year\Game Programming\GavinB-2024-Spring\MOD_4_Maze_Game_Inheritence\MazeGame_WithDebug\Player.cpp(36,36): warning C4100: 'newPosition': unreferenced formal parameter
  Generating Code...
